<?xml version="1.0"?>
<testsuite name="Chrome Headless 138.0.0.0 (Windows 10)" package="" timestamp="2025-07-29T10:18:57" id="0" hostname="DESKTOP-Clement" tests="59" errors="0" failures="1" time="0.019">
  <properties>
    <property name="browser.fullName" value="Mozilla/5.0 (Windows NT 10.0; Win64; x64) AppleWebKit/537.36 (KHTML, like Gecko) HeadlessChrome/138.0.0.0 Safari/537.36"/>
  </properties>
  <testcase name="TftSearchCriteriaComponent should create" time="0" classname="TftSearchCriteriaComponent">
    <skipped/>
  </testcase>
  <testcase name="CrChestsComponent should create" time="0" classname="CrChestsComponent">
    <skipped/>
  </testcase>
  <testcase name="LolArenaCompletionComponent should create" time="0" classname="LolArenaCompletionComponent">
    <skipped/>
  </testcase>
  <testcase name="NavbarComponent should create" time="0" classname="NavbarComponent">
    <skipped/>
  </testcase>
  <testcase name="DestinyCharacterItemFiltersComponent should create" time="0" classname="DestinyCharacterItemFiltersComponent">
    <skipped/>
  </testcase>
  <testcase name="DestinyProfileComponent should create" time="0" classname="DestinyProfileComponent">
    <skipped/>
  </testcase>
  <testcase name="BungieAuthComponent should create" time="0" classname="BungieAuthComponent">
    <skipped/>
  </testcase>
  <testcase name="LolSearchCriteriaComponent should create" time="0" classname="LolSearchCriteriaComponent">
    <skipped/>
  </testcase>
  <testcase name="TftMatchComponent should create" time="0.019" classname="TftMatchComponent">
    <failure type="">TypeError: Cannot read properties of undefined (reading 'version')
    at TftMatchComponent.call [as ngOnInit] (src/app/component/tft/tft-match/tft-match.component.ts:31:36)
    at callHookInternal (node_modules/@angular/core/fesm2022/core.mjs:4024:14)
    at callHook (node_modules/@angular/core/fesm2022/core.mjs:4051:13)
    at callHooks (node_modules/@angular/core/fesm2022/core.mjs:4006:17)
    at executeInitAndCheckHooks (node_modules/@angular/core/fesm2022/core.mjs:3956:9)
    at refreshView (node_modules/@angular/core/fesm2022/core.mjs:13513:21)
    at detectChangesInternal (node_modules/@angular/core/fesm2022/core.mjs:13437:9)
    at RootViewRef.detectChanges (node_modules/@angular/core/fesm2022/core.mjs:13954:9)
    at ComponentFixture._tick (node_modules/@angular/core/fesm2022/testing.mjs:127:32)
    at node_modules/@angular/core/fesm2022/testing.mjs:140:22
</failure>
  </testcase>
  <testcase name="DestinyNodeResultsComponent should create" time="0" classname="DestinyNodeResultsComponent">
    <skipped/>
  </testcase>
  <testcase name="RiotMatchesComponent should create" time="0" classname="RiotMatchesComponent">
    <skipped/>
  </testcase>
  <testcase name="LolMatchParticipantComponent should create" time="0" classname="LolMatchParticipantComponent">
    <skipped/>
  </testcase>
  <testcase name="LeagueOfLegendsComponent should create" time="0" classname="LeagueOfLegendsComponent">
    <skipped/>
  </testcase>
  <testcase name="TftLatestMatchesPlacementComponent should create" time="0" classname="TftLatestMatchesPlacementComponent">
    <skipped/>
  </testcase>
  <testcase name="CrRankingComponent should create" time="0" classname="CrRankingComponent">
    <skipped/>
  </testcase>
  <testcase name="ToggleSwitchComponent should create" time="0" classname="ToggleSwitchComponent">
    <skipped/>
  </testcase>
  <testcase name="GameListComponent should create" time="0" classname="GameListComponent">
    <skipped/>
  </testcase>
  <testcase name="ResultBarComponent should create" time="0" classname="ResultBarComponent">
    <skipped/>
  </testcase>
  <testcase name="LoadingScreenComponent should create" time="0" classname="LoadingScreenComponent">
    <skipped/>
  </testcase>
  <testcase name="DestinyItemComponent should create" time="0" classname="DestinyItemComponent">
    <skipped/>
  </testcase>
  <testcase name="RiotRankingComponent should create" time="0" classname="RiotRankingComponent">
    <skipped/>
  </testcase>
  <testcase name="CrTabSelectorComponent should create" time="0" classname="CrTabSelectorComponent">
    <skipped/>
  </testcase>
  <testcase name="ProgressBarComponent should create" time="0" classname="ProgressBarComponent">
    <skipped/>
  </testcase>
  <testcase name="riot-summmonerComponent should create" time="0" classname="riot-summmonerComponent">
    <skipped/>
  </testcase>
  <testcase name="DestinyGuardianRanksComponent should create" time="0" classname="DestinyGuardianRanksComponent">
    <skipped/>
  </testcase>
  <testcase name="DestinyPostmasterComponent should create" time="0" classname="DestinyPostmasterComponent">
    <skipped/>
  </testcase>
  <testcase name="LOLMainFriendsComponent should create" time="0" classname="LOLMainFriendsComponent">
    <skipped/>
  </testcase>
  <testcase name="RequestButtonComponent should create" time="0" classname="RequestButtonComponent">
    <skipped/>
  </testcase>
  <testcase name="DestinyModelsComponent should create" time="0" classname="DestinyModelsComponent">
    <skipped/>
  </testcase>
  <testcase name="RiotRankImageComponent should create" time="0" classname="RiotRankImageComponent">
    <skipped/>
  </testcase>
  <testcase name="DestinySimpleObjectiveComponent should create" time="0" classname="DestinySimpleObjectiveComponent">
    <skipped/>
  </testcase>
  <testcase name="AppComponent should render title" time="0" classname="AppComponent">
    <skipped/>
  </testcase>
  <testcase name="AppComponent should create the app" time="0" classname="AppComponent">
    <skipped/>
  </testcase>
  <testcase name="DestinyMainInventoryComponent should create" time="0" classname="DestinyMainInventoryComponent">
    <skipped/>
  </testcase>
  <testcase name="DestinyItemOverlayComponent should create" time="0" classname="DestinyItemOverlayComponent">
    <skipped/>
  </testcase>
  <testcase name="TftMatchUnitComponent should create" time="0" classname="TftMatchUnitComponent">
    <skipped/>
  </testcase>
  <testcase name="DestinyRewardComponent should create" time="0" classname="DestinyRewardComponent">
    <skipped/>
  </testcase>
  <testcase name="AlertComponent should create" time="0" classname="AlertComponent">
    <skipped/>
  </testcase>
  <testcase name="DestinyCollectionsComponent should create" time="0" classname="DestinyCollectionsComponent">
    <skipped/>
  </testcase>
  <testcase name="CrCardsComponent should create" time="0" classname="CrCardsComponent">
    <skipped/>
  </testcase>
  <testcase name="DestinyCharactersComponent should create" time="0" classname="DestinyCharactersComponent">
    <skipped/>
  </testcase>
  <testcase name="CrBadgesComponent should create" time="0" classname="CrBadgesComponent">
    <skipped/>
  </testcase>
  <testcase name="DestinyTitleComponent should create" time="0" classname="DestinyTitleComponent">
    <skipped/>
  </testcase>
  <testcase name="LOLMainChampionsComponent should create" time="0" classname="LOLMainChampionsComponent">
    <skipped/>
  </testcase>
  <testcase name="LolMatchComponent should create" time="0" classname="LolMatchComponent">
    <skipped/>
  </testcase>
  <testcase name="DestinyBadgesComponent should create" time="0" classname="DestinyBadgesComponent">
    <skipped/>
  </testcase>
  <testcase name="DestinyContractsAndQuestsComponent should create" time="0" classname="DestinyContractsAndQuestsComponent">
    <skipped/>
  </testcase>
  <testcase name="DestinyBadgeComponent should create" time="0" classname="DestinyBadgeComponent">
    <skipped/>
  </testcase>
  <testcase name="DestinyVendorComponent should create" time="0" classname="DestinyVendorComponent">
    <skipped/>
  </testcase>
  <testcase name="RiotBoardComponent should create" time="0" classname="RiotBoardComponent">
    <skipped/>
  </testcase>
  <testcase name="DestinyVendorsComponent should create" time="0" classname="DestinyVendorsComponent">
    <skipped/>
  </testcase>
  <testcase name="DropdownComponent should create" time="0" classname="DropdownComponent">
    <skipped/>
  </testcase>
  <testcase name="DestinyComponentSelectorComponent should create" time="0" classname="DestinyComponentSelectorComponent">
    <skipped/>
  </testcase>
  <testcase name="LolMainRolesComponent should create" time="0" classname="LolMainRolesComponent">
    <skipped/>
  </testcase>
  <testcase name="DestinyTitlePreviewComponent should create" time="0" classname="DestinyTitlePreviewComponent">
    <skipped/>
  </testcase>
  <testcase name="DestinyTitlesComponent should create" time="0" classname="DestinyTitlesComponent">
    <skipped/>
  </testcase>
  <testcase name="DestinyBadgePreviewComponent should create" time="0" classname="DestinyBadgePreviewComponent">
    <skipped/>
  </testcase>
  <testcase name="DestinyCatalystsComponent should create" time="0" classname="DestinyCatalystsComponent">
    <skipped/>
  </testcase>
  <testcase name="DestinyRecordComponent should create" time="0" classname="DestinyRecordComponent">
    <skipped/>
  </testcase>
  <system-out>
    <![CDATA[
]]>
  </system-out>
  <system-err/>
</testsuite>